{"/home/edwin/Documents/dev/fast-service-backend/microservices/products/src/app/app.ts": {"path":"/home/edwin/Documents/dev/fast-service-backend/microservices/products/src/app/app.ts","statementMap":{"0":{"start":{"line":1,"column":13},"end":{"line":1,"column":28}},"1":{"start":{"line":2,"column":0},"end":{"line":4,"column":3}},"2":{"start":{"line":6,"column":0},"end":{"line":6,"column":26}},"3":{"start":{"line":8,"column":0},"end":{"line":8,"column":48}},"4":{"start":{"line":10,"column":15},"end":{"line":10,"column":27}},"5":{"start":{"line":12,"column":0},"end":{"line":12,"column":16}}},"fnMap":{},"branchMap":{},"s":{"0":0,"1":0,"2":0,"3":0,"4":0,"5":0},"f":{},"b":{}}
,"/home/edwin/Documents/dev/fast-service-backend/microservices/products/src/app/container.ts": {"path":"/home/edwin/Documents/dev/fast-service-backend/microservices/products/src/app/container.ts","statementMap":{"0":{"start":{"line":1,"column":0},"end":{"line":1,"column":59}},"1":{"start":{"line":2,"column":0},"end":{"line":2,"column":49}},"2":{"start":{"line":4,"column":0},"end":{"line":4,"column":67}},"3":{"start":{"line":7,"column":0},"end":{"line":7,"column":60}},"4":{"start":{"line":8,"column":0},"end":{"line":8,"column":49}},"5":{"start":{"line":10,"column":0},"end":{"line":24,"column":2}},"6":{"start":{"line":11,"column":20},"end":{"line":11,"column":65}},"7":{"start":{"line":12,"column":2},"end":{"line":21,"column":5}},"8":{"start":{"line":23,"column":2},"end":{"line":23,"column":38}}},"fnMap":{"0":{"name":"(anonymous_0)","decl":{"start":{"line":10,"column":15},"end":{"line":10,"column":16}},"loc":{"start":{"line":10,"column":36},"end":{"line":24,"column":1}}}},"branchMap":{},"s":{"0":0,"1":0,"2":0,"3":0,"4":0,"5":0,"6":0,"7":0,"8":0},"f":{"0":0},"b":{}}
,"/home/edwin/Documents/dev/fast-service-backend/microservices/products/src/app/common/clases/server.ts": {"path":"/home/edwin/Documents/dev/fast-service-backend/microservices/products/src/app/common/clases/server.ts","statementMap":{"0":{"start":{"line":1,"column":0},"end":{"line":1,"column":47}},"1":{"start":{"line":2,"column":0},"end":{"line":2,"column":24}},"2":{"start":{"line":3,"column":0},"end":{"line":3,"column":20}},"3":{"start":{"line":4,"column":0},"end":{"line":4,"column":24}},"4":{"start":{"line":5,"column":0},"end":{"line":5,"column":44}},"5":{"start":{"line":6,"column":0},"end":{"line":6,"column":49}},"6":{"start":{"line":7,"column":0},"end":{"line":7,"column":54}},"7":{"start":{"line":8,"column":0},"end":{"line":8,"column":43}},"8":{"start":{"line":19,"column":4},"end":{"line":19,"column":25}},"9":{"start":{"line":20,"column":4},"end":{"line":20,"column":43}},"10":{"start":{"line":21,"column":4},"end":{"line":21,"column":30}},"11":{"start":{"line":22,"column":4},"end":{"line":22,"column":71}},"12":{"start":{"line":23,"column":4},"end":{"line":23,"column":65}},"13":{"start":{"line":24,"column":4},"end":{"line":24,"column":56}},"14":{"start":{"line":27,"column":4},"end":{"line":27,"column":28}},"15":{"start":{"line":30,"column":4},"end":{"line":30,"column":24}},"16":{"start":{"line":33,"column":4},"end":{"line":33,"column":23}},"17":{"start":{"line":36,"column":4},"end":{"line":36,"column":23}},"18":{"start":{"line":39,"column":4},"end":{"line":39,"column":19}},"19":{"start":{"line":43,"column":4},"end":{"line":43,"column":25}},"20":{"start":{"line":44,"column":4},"end":{"line":44,"column":33}},"21":{"start":{"line":48,"column":4},"end":{"line":53,"column":6}},"22":{"start":{"line":57,"column":4},"end":{"line":62,"column":null}},"23":{"start":{"line":58,"column":6},"end":{"line":58,"column":30}},"24":{"start":{"line":59,"column":6},"end":{"line":59,"column":65}},"25":{"start":{"line":61,"column":6},"end":{"line":61,"column":34}},"26":{"start":{"line":66,"column":4},"end":{"line":70,"column":6}},"27":{"start":{"line":74,"column":4},"end":{"line":76,"column":7}},"28":{"start":{"line":75,"column":6},"end":{"line":75,"column":63}},"29":{"start":{"line":10,"column":0},"end":{"line":10,"column":13}}},"fnMap":{"0":{"name":"(anonymous_8)","decl":{"start":{"line":18,"column":2},"end":{"line":18,"column":null}},"loc":{"start":{"line":18,"column":2},"end":{"line":40,"column":3}}},"1":{"name":"(anonymous_9)","decl":{"start":{"line":42,"column":10},"end":{"line":42,"column":21}},"loc":{"start":{"line":42,"column":21},"end":{"line":45,"column":3}}},"2":{"name":"(anonymous_10)","decl":{"start":{"line":47,"column":10},"end":{"line":47,"column":21}},"loc":{"start":{"line":47,"column":21},"end":{"line":54,"column":3}}},"3":{"name":"(anonymous_11)","decl":{"start":{"line":56,"column":16},"end":{"line":56,"column":28}},"loc":{"start":{"line":56,"column":28},"end":{"line":63,"column":null}}},"4":{"name":"(anonymous_13)","decl":{"start":{"line":65,"column":10},"end":{"line":65,"column":17}},"loc":{"start":{"line":65,"column":17},"end":{"line":71,"column":3}}},"5":{"name":"(anonymous_14)","decl":{"start":{"line":73,"column":9},"end":{"line":73,"column":15}},"loc":{"start":{"line":73,"column":15},"end":{"line":77,"column":3}}},"6":{"name":"(anonymous_15)","decl":{"start":{"line":74,"column":31},"end":{"line":74,"column":34}},"loc":{"start":{"line":74,"column":36},"end":{"line":76,"column":5}}}},"branchMap":{"0":{"loc":{"start":{"line":20,"column":16},"end":{"line":20,"column":42}},"type":"binary-expr","locations":[{"start":{"line":20,"column":16},"end":{"line":20,"column":32}},{"start":{"line":20,"column":36},"end":{"line":20,"column":42}}]}},"s":{"0":0,"1":0,"2":0,"3":0,"4":0,"5":0,"6":0,"7":0,"8":0,"9":0,"10":0,"11":0,"12":0,"13":0,"14":0,"15":0,"16":0,"17":0,"18":0,"19":0,"20":0,"21":0,"22":0,"23":0,"24":0,"25":0,"26":0,"27":0,"28":0,"29":0},"f":{"0":0,"1":0,"2":0,"3":0,"4":0,"5":0,"6":0},"b":{"0":[0,0]}}
,"/home/edwin/Documents/dev/fast-service-backend/microservices/products/src/app/common/clients/orders/order-client.ts": {"path":"/home/edwin/Documents/dev/fast-service-backend/microservices/products/src/app/common/clients/orders/order-client.ts","statementMap":{"0":{"start":{"line":1,"column":0},"end":{"line":1,"column":26}},"1":{"start":{"line":8,"column":4},"end":{"line":8,"column":62}},"2":{"start":{"line":12,"column":4},"end":{"line":12,"column":51}},"3":{"start":{"line":4,"column":0},"end":{"line":4,"column":13}}},"fnMap":{"0":{"name":"(anonymous_8)","decl":{"start":{"line":7,"column":2},"end":{"line":7,"column":null}},"loc":{"start":{"line":7,"column":2},"end":{"line":9,"column":3}}},"1":{"name":"(anonymous_9)","decl":{"start":{"line":11,"column":15},"end":{"line":11,"column":26}},"loc":{"start":{"line":11,"column":47},"end":{"line":13,"column":null}}}},"branchMap":{},"s":{"0":0,"1":0,"2":0,"3":0},"f":{"0":0,"1":0},"b":{}}
,"/home/edwin/Documents/dev/fast-service-backend/microservices/products/src/app/common/clients/orders/dto/create-order.dto.ts": {"path":"/home/edwin/Documents/dev/fast-service-backend/microservices/products/src/app/common/clients/orders/dto/create-order.dto.ts","statementMap":{"0":{"start":{"line":1,"column":0},"end":{"line":1,"column":59}},"1":{"start":{"line":3,"column":0},"end":{"line":3,"column":13}},"2":{"start":{"line":7,"column":0},"end":{"line":7,"column":13}}},"fnMap":{},"branchMap":{},"s":{"0":0,"1":0,"2":0},"f":{},"b":{}}
,"/home/edwin/Documents/dev/fast-service-backend/microservices/products/src/app/common/clients/orders/models/order.model.ts": {"path":"/home/edwin/Documents/dev/fast-service-backend/microservices/products/src/app/common/clients/orders/models/order.model.ts","statementMap":{"0":{"start":{"line":3,"column":0},"end":{"line":3,"column":13}}},"fnMap":{},"branchMap":{},"s":{"0":0},"f":{},"b":{}}
,"/home/edwin/Documents/dev/fast-service-backend/microservices/products/src/app/common/controllers/base.controller.ts": {"path":"/home/edwin/Documents/dev/fast-service-backend/microservices/products/src/app/common/controllers/base.controller.ts","statementMap":{"0":{"start":{"line":2,"column":0},"end":{"line":2,"column":69}},"1":{"start":{"line":6,"column":4},"end":{"line":6,"column":36}},"2":{"start":{"line":7,"column":4},"end":{"line":11,"column":null}},"3":{"start":{"line":8,"column":6},"end":{"line":8,"column":55}},"4":{"start":{"line":10,"column":6},"end":{"line":10,"column":34}},"5":{"start":{"line":4,"column":0},"end":{"line":4,"column":22}}},"fnMap":{"0":{"name":"(anonymous_0)","decl":{"start":{"line":5,"column":2},"end":{"line":5,"column":17}},"loc":{"start":{"line":5,"column":47},"end":{"line":12,"column":3}}}},"branchMap":{"0":{"loc":{"start":{"line":7,"column":4},"end":{"line":11,"column":null}},"type":"if","locations":[{"start":{"line":7,"column":4},"end":{"line":11,"column":null}},{"start":{"line":9,"column":11},"end":{"line":11,"column":null}}]}},"s":{"0":0,"1":0,"2":0,"3":0,"4":0,"5":0},"f":{"0":0},"b":{"0":[0,0]}}
,"/home/edwin/Documents/dev/fast-service-backend/microservices/products/src/app/common/exceptions/bad-request-exception.ts": {"path":"/home/edwin/Documents/dev/fast-service-backend/microservices/products/src/app/common/exceptions/bad-request-exception.ts","statementMap":{"0":{"start":{"line":5,"column":4},"end":{"line":5,"column":19}},"1":{"start":{"line":6,"column":4},"end":{"line":6,"column":38}},"2":{"start":{"line":7,"column":4},"end":{"line":7,"column":28}},"3":{"start":{"line":9,"column":4},"end":{"line":9,"column":63}},"4":{"start":{"line":1,"column":0},"end":{"line":1,"column":13}}},"fnMap":{"0":{"name":"(anonymous_0)","decl":{"start":{"line":4,"column":2},"end":{"line":4,"column":14}},"loc":{"start":{"line":4,"column":64},"end":{"line":10,"column":3}}}},"branchMap":{},"s":{"0":0,"1":0,"2":0,"3":0,"4":0},"f":{"0":0},"b":{}}
,"/home/edwin/Documents/dev/fast-service-backend/microservices/products/src/app/common/exceptions/conflict-exception.ts": {"path":"/home/edwin/Documents/dev/fast-service-backend/microservices/products/src/app/common/exceptions/conflict-exception.ts","statementMap":{"0":{"start":{"line":3,"column":4},"end":{"line":3,"column":19}},"1":{"start":{"line":4,"column":4},"end":{"line":4,"column":36}},"2":{"start":{"line":5,"column":4},"end":{"line":5,"column":35}},"3":{"start":{"line":7,"column":4},"end":{"line":7,"column":61}},"4":{"start":{"line":1,"column":0},"end":{"line":1,"column":13}}},"fnMap":{"0":{"name":"(anonymous_0)","decl":{"start":{"line":2,"column":2},"end":{"line":2,"column":14}},"loc":{"start":{"line":2,"column":30},"end":{"line":8,"column":3}}}},"branchMap":{},"s":{"0":5,"1":5,"2":5,"3":5,"4":1},"f":{"0":5},"b":{}}
,"/home/edwin/Documents/dev/fast-service-backend/microservices/products/src/app/common/middlewares/validate-dto.ts": {"path":"/home/edwin/Documents/dev/fast-service-backend/microservices/products/src/app/common/middlewares/validate-dto.ts","statementMap":{"0":{"start":{"line":1,"column":0},"end":{"line":1,"column":52}},"1":{"start":{"line":2,"column":0},"end":{"line":2,"column":60}},"2":{"start":{"line":4,"column":0},"end":{"line":4,"column":74}},"3":{"start":{"line":7,"column":2},"end":{"line":31,"column":4}},"4":{"start":{"line":7,"column":67},"end":{"line":31,"column":4}},"5":{"start":{"line":8,"column":19},"end":{"line":8,"column":50}},"6":{"start":{"line":10,"column":19},"end":{"line":10,"column":68}},"7":{"start":{"line":12,"column":4},"end":{"line":28,"column":null}},"8":{"start":{"line":13,"column":24},"end":{"line":23,"column":8}},"9":{"start":{"line":14,"column":8},"end":{"line":14,"column":30}},"10":{"start":{"line":14,"column":20},"end":{"line":14,"column":30}},"11":{"start":{"line":16,"column":8},"end":{"line":18,"column":null}},"12":{"start":{"line":17,"column":10},"end":{"line":17,"column":32}},"13":{"start":{"line":20,"column":8},"end":{"line":22,"column":21}},"14":{"start":{"line":21,"column":25},"end":{"line":21,"column":74}},"15":{"start":{"line":25,"column":6},"end":{"line":27,"column":70}},"16":{"start":{"line":30,"column":4},"end":{"line":30,"column":11}},"17":{"start":{"line":34,"column":0},"end":{"line":34,"column":27}}},"fnMap":{"0":{"name":"validateDto","decl":{"start":{"line":6,"column":9},"end":{"line":6,"column":20}},"loc":{"start":{"line":6,"column":61},"end":{"line":32,"column":1}}},"1":{"name":"(anonymous_8)","decl":{"start":{"line":7,"column":9},"end":{"line":7,"column":16}},"loc":{"start":{"line":7,"column":67},"end":{"line":31,"column":4}}},"2":{"name":"(anonymous_9)","decl":{"start":{"line":7,"column":67},"end":{"line":7,"column":null}},"loc":{"start":{"line":7,"column":67},"end":{"line":31,"column":3}}},"3":{"name":"(anonymous_10)","decl":{"start":{"line":13,"column":35},"end":{"line":13,"column":36}},"loc":{"start":{"line":13,"column":62},"end":{"line":23,"column":7}}},"4":{"name":"(anonymous_11)","decl":{"start":{"line":21,"column":15},"end":{"line":21,"column":16}},"loc":{"start":{"line":21,"column":25},"end":{"line":21,"column":74}}}},"branchMap":{"0":{"loc":{"start":{"line":6,"column":32},"end":{"line":6,"column":61}},"type":"default-arg","locations":[{"start":{"line":6,"column":56},"end":{"line":6,"column":61}}]},"1":{"loc":{"start":{"line":12,"column":4},"end":{"line":28,"column":null}},"type":"if","locations":[{"start":{"line":12,"column":4},"end":{"line":28,"column":null}}]},"2":{"loc":{"start":{"line":14,"column":8},"end":{"line":14,"column":30}},"type":"if","locations":[{"start":{"line":14,"column":8},"end":{"line":14,"column":30}}]},"3":{"loc":{"start":{"line":16,"column":8},"end":{"line":18,"column":null}},"type":"if","locations":[{"start":{"line":16,"column":8},"end":{"line":18,"column":null}}]},"4":{"loc":{"start":{"line":21,"column":25},"end":{"line":21,"column":74}},"type":"cond-expr","locations":[{"start":{"line":21,"column":45},"end":{"line":21,"column":67}},{"start":{"line":21,"column":70},"end":{"line":21,"column":74}}]}},"s":{"0":0,"1":0,"2":0,"3":0,"4":0,"5":0,"6":0,"7":0,"8":0,"9":0,"10":0,"11":0,"12":0,"13":0,"14":0,"15":0,"16":0,"17":0},"f":{"0":0,"1":0,"2":0,"3":0,"4":0},"b":{"0":[0],"1":[0],"2":[0],"3":[0],"4":[0,0]}}
,"/home/edwin/Documents/dev/fast-service-backend/microservices/products/src/app/common/middlewares/validate-token.ts": {"path":"/home/edwin/Documents/dev/fast-service-backend/microservices/products/src/app/common/middlewares/validate-token.ts","statementMap":{"0":{"start":{"line":2,"column":0},"end":{"line":2,"column":31}},"1":{"start":{"line":4,"column":0},"end":{"line":4,"column":26}},"2":{"start":{"line":11,"column":2},"end":{"line":11,"column":54}},"3":{"start":{"line":12,"column":2},"end":{"line":12,"column":56}},"4":{"start":{"line":13,"column":16},"end":{"line":13,"column":67}},"5":{"start":{"line":15,"column":2},"end":{"line":19,"column":null}},"6":{"start":{"line":16,"column":4},"end":{"line":18,"column":7}},"7":{"start":{"line":21,"column":2},"end":{"line":33,"column":null}},"8":{"start":{"line":22,"column":4},"end":{"line":22,"column":56}},"9":{"start":{"line":23,"column":27},"end":{"line":23,"column":44}},"10":{"start":{"line":24,"column":4},"end":{"line":24,"column":21}},"11":{"start":{"line":26,"column":4},"end":{"line":26,"column":64}},"12":{"start":{"line":28,"column":4},"end":{"line":28,"column":11}},"13":{"start":{"line":30,"column":4},"end":{"line":32,"column":7}},"14":{"start":{"line":36,"column":0},"end":{"line":36,"column":29}}},"fnMap":{"0":{"name":"validateToken","decl":{"start":{"line":6,"column":15},"end":{"line":6,"column":28}},"loc":{"start":{"line":9,"column":20},"end":{"line":34,"column":null}}}},"branchMap":{"0":{"loc":{"start":{"line":13,"column":16},"end":{"line":13,"column":67}},"type":"cond-expr","locations":[{"start":{"line":13,"column":43},"end":{"line":13,"column":45}},{"start":{"line":13,"column":43},"end":{"line":13,"column":67}}]},"1":{"loc":{"start":{"line":13,"column":16},"end":{"line":13,"column":45}},"type":"binary-expr","locations":[{"start":{"line":13,"column":16},"end":{"line":13,"column":45}},{"start":{"line":13,"column":43},"end":{"line":13,"column":45}}]},"2":{"loc":{"start":{"line":15,"column":2},"end":{"line":19,"column":null}},"type":"if","locations":[{"start":{"line":15,"column":2},"end":{"line":19,"column":null}}]},"3":{"loc":{"start":{"line":22,"column":22},"end":{"line":22,"column":54}},"type":"binary-expr","locations":[{"start":{"line":22,"column":22},"end":{"line":22,"column":48}},{"start":{"line":22,"column":52},"end":{"line":22,"column":54}}]}},"s":{"0":0,"1":0,"2":0,"3":0,"4":0,"5":0,"6":0,"7":0,"8":0,"9":0,"10":0,"11":0,"12":0,"13":0,"14":0},"f":{"0":0},"b":{"0":[0,0],"1":[0,0],"2":[0],"3":[0,0]}}
,"/home/edwin/Documents/dev/fast-service-backend/microservices/products/src/app/common/persistence/mysql.persistence.ts": {"path":"/home/edwin/Documents/dev/fast-service-backend/microservices/products/src/app/common/persistence/mysql.persistence.ts","statementMap":{"0":{"start":{"line":1,"column":0},"end":{"line":1,"column":38}},"1":{"start":{"line":3,"column":13},"end":{"line":11,"column":3}}},"fnMap":{},"branchMap":{"0":{"loc":{"start":{"line":5,"column":17},"end":{"line":5,"column":51}},"type":"binary-expr","locations":[{"start":{"line":5,"column":17},"end":{"line":5,"column":41}},{"start":{"line":5,"column":45},"end":{"line":5,"column":51}}]},"1":{"loc":{"start":{"line":5,"column":17},"end":{"line":5,"column":41}},"type":"cond-expr","locations":[{"start":{"line":5,"column":29},"end":{"line":5,"column":31}},{"start":{"line":5,"column":29},"end":{"line":5,"column":41}}]},"2":{"loc":{"start":{"line":5,"column":17},"end":{"line":5,"column":31}},"type":"binary-expr","locations":[{"start":{"line":5,"column":17},"end":{"line":5,"column":31}},{"start":{"line":5,"column":29},"end":{"line":5,"column":31}}]},"3":{"loc":{"start":{"line":5,"column":17},"end":{"line":5,"column":29}},"type":"cond-expr","locations":[{"start":{"line":5,"column":24},"end":{"line":5,"column":26}},{"start":{"line":5,"column":17},"end":{"line":5,"column":29}}]},"4":{"loc":{"start":{"line":5,"column":17},"end":{"line":5,"column":26}},"type":"binary-expr","locations":[{"start":{"line":5,"column":17},"end":{"line":5,"column":26}},{"start":{"line":5,"column":17},"end":{"line":5,"column":26}}]}},"s":{"0":0,"1":0},"f":{},"b":{"0":[0,0],"1":[0,0],"2":[0,0],"3":[0,0],"4":[0,0]}}
,"/home/edwin/Documents/dev/fast-service-backend/microservices/products/src/app/controllers/product.controller.ts": {"path":"/home/edwin/Documents/dev/fast-service-backend/microservices/products/src/app/controllers/product.controller.ts","statementMap":{"0":{"start":{"line":2,"column":0},"end":{"line":2,"column":78}},"1":{"start":{"line":3,"column":0},"end":{"line":3,"column":61}},"2":{"start":{"line":5,"column":0},"end":{"line":5,"column":48}},"3":{"start":{"line":6,"column":0},"end":{"line":6,"column":61}},"4":{"start":{"line":7,"column":0},"end":{"line":7,"column":71}},"5":{"start":{"line":8,"column":0},"end":{"line":8,"column":65}},"6":{"start":{"line":9,"column":0},"end":{"line":9,"column":57}},"7":{"start":{"line":13,"column":0},"end":{"line":117,"column":null}},"8":{"start":{"line":15,"column":4},"end":{"line":15,"column":12}},"9":{"start":{"line":14,"column":22},"end":{"line":14,"column":38}},"10":{"start":{"line":20,"column":4},"end":{"line":26,"column":null}},"11":{"start":{"line":21,"column":23},"end":{"line":21,"column":62}},"12":{"start":{"line":22,"column":6},"end":{"line":22,"column":22}},"13":{"start":{"line":23,"column":6},"end":{"line":23,"column":25}},"14":{"start":{"line":25,"column":6},"end":{"line":25,"column":39}},"15":{"start":{"line":36,"column":4},"end":{"line":42,"column":null}},"16":{"start":{"line":37,"column":21},"end":{"line":37,"column":68}},"17":{"start":{"line":38,"column":6},"end":{"line":38,"column":22}},"18":{"start":{"line":39,"column":6},"end":{"line":39,"column":23}},"19":{"start":{"line":41,"column":6},"end":{"line":41,"column":39}},"20":{"start":{"line":48,"column":4},"end":{"line":56,"column":null}},"21":{"start":{"line":49,"column":21},"end":{"line":49,"column":31}},"22":{"start":{"line":50,"column":27},"end":{"line":50,"column":72}},"23":{"start":{"line":52,"column":6},"end":{"line":52,"column":22}},"24":{"start":{"line":53,"column":6},"end":{"line":53,"column":29}},"25":{"start":{"line":55,"column":6},"end":{"line":55,"column":39}},"26":{"start":{"line":62,"column":4},"end":{"line":69,"column":null}},"27":{"start":{"line":63,"column":22},"end":{"line":63,"column":30}},"28":{"start":{"line":64,"column":29},"end":{"line":64,"column":77}},"29":{"start":{"line":65,"column":6},"end":{"line":65,"column":22}},"30":{"start":{"line":66,"column":6},"end":{"line":66,"column":31}},"31":{"start":{"line":68,"column":6},"end":{"line":68,"column":39}},"32":{"start":{"line":76,"column":4},"end":{"line":88,"column":null}},"33":{"start":{"line":77,"column":22},"end":{"line":77,"column":30}},"34":{"start":{"line":78,"column":21},"end":{"line":78,"column":31}},"35":{"start":{"line":80,"column":29},"end":{"line":82,"column":null}},"36":{"start":{"line":84,"column":6},"end":{"line":84,"column":22}},"37":{"start":{"line":85,"column":6},"end":{"line":85,"column":31}},"38":{"start":{"line":87,"column":6},"end":{"line":87,"column":39}},"39":{"start":{"line":94,"column":4},"end":{"line":102,"column":null}},"40":{"start":{"line":95,"column":21},"end":{"line":95,"column":31}},"41":{"start":{"line":97,"column":30},"end":{"line":97,"column":75}},"42":{"start":{"line":98,"column":6},"end":{"line":98,"column":20}},"43":{"start":{"line":99,"column":6},"end":{"line":99,"column":32}},"44":{"start":{"line":101,"column":6},"end":{"line":101,"column":39}},"45":{"start":{"line":108,"column":4},"end":{"line":115,"column":null}},"46":{"start":{"line":109,"column":21},"end":{"line":109,"column":31}},"47":{"start":{"line":110,"column":29},"end":{"line":110,"column":73}},"48":{"start":{"line":111,"column":6},"end":{"line":111,"column":22}},"49":{"start":{"line":112,"column":6},"end":{"line":112,"column":31}},"50":{"start":{"line":114,"column":6},"end":{"line":114,"column":39}},"51":{"start":{"line":19,"column":2},"end":{"line":27,"column":null}},"52":{"start":{"line":32,"column":2},"end":{"line":43,"column":null}},"53":{"start":{"line":47,"column":2},"end":{"line":57,"column":null}},"54":{"start":{"line":61,"column":2},"end":{"line":70,"column":null}},"55":{"start":{"line":75,"column":2},"end":{"line":89,"column":null}},"56":{"start":{"line":93,"column":2},"end":{"line":103,"column":null}},"57":{"start":{"line":107,"column":2},"end":{"line":116,"column":null}},"58":{"start":{"line":13,"column":13},"end":{"line":117,"column":null}},"59":{"start":{"line":13,"column":13},"end":{"line":13,"column":30}}},"fnMap":{"0":{"name":"(anonymous_10)","decl":{"start":{"line":14,"column":2},"end":{"line":14,"column":22}},"loc":{"start":{"line":14,"column":52},"end":{"line":16,"column":3}}},"1":{"name":"(anonymous_11)","decl":{"start":{"line":19,"column":15},"end":{"line":19,"column":26}},"loc":{"start":{"line":19,"column":52},"end":{"line":27,"column":null}}},"2":{"name":"(anonymous_13)","decl":{"start":{"line":32,"column":15},"end":{"line":32,"column":26}},"loc":{"start":{"line":34,"column":17},"end":{"line":43,"column":null}}},"3":{"name":"(anonymous_15)","decl":{"start":{"line":47,"column":15},"end":{"line":47,"column":29}},"loc":{"start":{"line":47,"column":57},"end":{"line":57,"column":null}}},"4":{"name":"(anonymous_17)","decl":{"start":{"line":61,"column":15},"end":{"line":61,"column":28}},"loc":{"start":{"line":61,"column":77},"end":{"line":70,"column":null}}},"5":{"name":"(anonymous_19)","decl":{"start":{"line":75,"column":15},"end":{"line":75,"column":28}},"loc":{"start":{"line":75,"column":77},"end":{"line":89,"column":null}}},"6":{"name":"(anonymous_21)","decl":{"start":{"line":93,"column":15},"end":{"line":93,"column":29}},"loc":{"start":{"line":93,"column":57},"end":{"line":103,"column":null}}},"7":{"name":"(anonymous_23)","decl":{"start":{"line":107,"column":15},"end":{"line":107,"column":28}},"loc":{"start":{"line":107,"column":56},"end":{"line":116,"column":null}}}},"branchMap":{},"s":{"0":0,"1":0,"2":0,"3":0,"4":0,"5":0,"6":0,"7":0,"8":0,"9":0,"10":0,"11":0,"12":0,"13":0,"14":0,"15":0,"16":0,"17":0,"18":0,"19":0,"20":0,"21":0,"22":0,"23":0,"24":0,"25":0,"26":0,"27":0,"28":0,"29":0,"30":0,"31":0,"32":0,"33":0,"34":0,"35":0,"36":0,"37":0,"38":0,"39":0,"40":0,"41":0,"42":0,"43":0,"44":0,"45":0,"46":0,"47":0,"48":0,"49":0,"50":0,"51":0,"52":0,"53":0,"54":0,"55":0,"56":0,"57":0,"58":0,"59":0},"f":{"0":0,"1":0,"2":0,"3":0,"4":0,"5":0,"6":0,"7":0},"b":{}}
,"/home/edwin/Documents/dev/fast-service-backend/microservices/products/src/app/dto/buy-products.dto.ts": {"path":"/home/edwin/Documents/dev/fast-service-backend/microservices/products/src/app/dto/buy-products.dto.ts","statementMap":{"0":{"start":{"line":1,"column":0},"end":{"line":1,"column":41}},"1":{"start":{"line":2,"column":0},"end":{"line":2,"column":null}},"2":{"start":{"line":14,"column":2},"end":{"line":14,"column":null}},"3":{"start":{"line":19,"column":2},"end":{"line":19,"column":null}},"4":{"start":{"line":27,"column":2},"end":{"line":27,"column":null}},"5":{"start":{"line":26,"column":14},"end":{"line":26,"column":25}},"6":{"start":{"line":22,"column":0},"end":{"line":22,"column":13}}},"fnMap":{"0":{"name":"(anonymous_2)","decl":{"start":{"line":26,"column":8},"end":{"line":26,"column":11}},"loc":{"start":{"line":26,"column":14},"end":{"line":26,"column":25}}}},"branchMap":{},"s":{"0":0,"1":0,"2":0,"3":0,"4":0,"5":0,"6":0},"f":{"0":0},"b":{}}
,"/home/edwin/Documents/dev/fast-service-backend/microservices/products/src/app/dto/product.dto.ts": {"path":"/home/edwin/Documents/dev/fast-service-backend/microservices/products/src/app/dto/product.dto.ts","statementMap":{"0":{"start":{"line":1,"column":0},"end":{"line":1,"column":null}},"1":{"start":{"line":13,"column":2},"end":{"line":13,"column":null}},"2":{"start":{"line":17,"column":2},"end":{"line":17,"column":null}},"3":{"start":{"line":21,"column":2},"end":{"line":21,"column":null}},"4":{"start":{"line":26,"column":2},"end":{"line":26,"column":null}},"5":{"start":{"line":30,"column":2},"end":{"line":30,"column":null}},"6":{"start":{"line":34,"column":2},"end":{"line":34,"column":null}},"7":{"start":{"line":10,"column":0},"end":{"line":10,"column":13}}},"fnMap":{},"branchMap":{},"s":{"0":0,"1":0,"2":0,"3":0,"4":0,"5":0,"6":0,"7":0},"f":{},"b":{}}
,"/home/edwin/Documents/dev/fast-service-backend/microservices/products/src/app/models/product.model.ts": {"path":"/home/edwin/Documents/dev/fast-service-backend/microservices/products/src/app/models/product.model.ts","statementMap":{"0":{"start":{"line":1,"column":0},"end":{"line":1,"column":null}},"1":{"start":{"line":8,"column":0},"end":{"line":8,"column":61}},"2":{"start":{"line":10,"column":0},"end":{"line":10,"column":13}},"3":{"start":{"line":24,"column":0},"end":{"line":58,"column":2}}},"fnMap":{},"branchMap":{},"s":{"0":0,"1":0,"2":0,"3":0},"f":{},"b":{}}
,"/home/edwin/Documents/dev/fast-service-backend/microservices/products/src/app/services/product.service.ts": {"path":"/home/edwin/Documents/dev/fast-service-backend/microservices/products/src/app/services/product.service.ts","statementMap":{"0":{"start":{"line":5,"column":0},"end":{"line":5,"column":76}},"1":{"start":{"line":12,"column":21},"end":{"line":12,"column":45}},"2":{"start":{"line":13,"column":21},"end":{"line":13,"column":55}},"3":{"start":{"line":17,"column":4},"end":{"line":17,"column":42}},"4":{"start":{"line":21,"column":25},"end":{"line":21,"column":55}},"5":{"start":{"line":23,"column":4},"end":{"line":25,"column":null}},"6":{"start":{"line":24,"column":6},"end":{"line":24,"column":73}},"7":{"start":{"line":27,"column":4},"end":{"line":27,"column":24}},"8":{"start":{"line":31,"column":4},"end":{"line":31,"column":68}},"9":{"start":{"line":35,"column":23},"end":{"line":35,"column":55}},"10":{"start":{"line":36,"column":4},"end":{"line":36,"column":29}},"11":{"start":{"line":41,"column":21},"end":{"line":41,"column":26}},"12":{"start":{"line":41,"column":33},"end":{"line":41,"column":47}},"13":{"start":{"line":43,"column":27},"end":{"line":43,"column":57}},"14":{"start":{"line":45,"column":4},"end":{"line":47,"column":null}},"15":{"start":{"line":46,"column":6},"end":{"line":46,"column":44}},"16":{"start":{"line":49,"column":4},"end":{"line":49,"column":39}},"17":{"start":{"line":53,"column":25},"end":{"line":53,"column":55}},"18":{"start":{"line":55,"column":4},"end":{"line":57,"column":null}},"19":{"start":{"line":56,"column":6},"end":{"line":56,"column":75}},"20":{"start":{"line":59,"column":4},"end":{"line":63,"column":null}},"21":{"start":{"line":60,"column":6},"end":{"line":62,"column":8}},"22":{"start":{"line":65,"column":4},"end":{"line":65,"column":32}},"23":{"start":{"line":67,"column":4},"end":{"line":67,"column":31}},"24":{"start":{"line":71,"column":25},"end":{"line":71,"column":55}},"25":{"start":{"line":73,"column":4},"end":{"line":75,"column":null}},"26":{"start":{"line":74,"column":6},"end":{"line":74,"column":75}},"27":{"start":{"line":77,"column":4},"end":{"line":81,"column":null}},"28":{"start":{"line":78,"column":6},"end":{"line":80,"column":8}},"29":{"start":{"line":83,"column":4},"end":{"line":83,"column":33}},"30":{"start":{"line":85,"column":4},"end":{"line":85,"column":31}},"31":{"start":{"line":89,"column":42},"end":{"line":89,"column":44}},"32":{"start":{"line":91,"column":4},"end":{"line":104,"column":null}},"33":{"start":{"line":92,"column":28},"end":{"line":92,"column":66}},"34":{"start":{"line":94,"column":6},"end":{"line":98,"column":null}},"35":{"start":{"line":95,"column":8},"end":{"line":97,"column":10}},"36":{"start":{"line":100,"column":6},"end":{"line":103,"column":25}},"37":{"start":{"line":106,"column":21},"end":{"line":108,"column":6}},"38":{"start":{"line":110,"column":4},"end":{"line":110,"column":16}},"39":{"start":{"line":10,"column":0},"end":{"line":10,"column":13}}},"fnMap":{"0":{"name":"(anonymous_8)","decl":{"start":{"line":11,"column":2},"end":{"line":11,"column":null}},"loc":{"start":{"line":13,"column":55},"end":{"line":14,"column":6}}},"1":{"name":"(anonymous_9)","decl":{"start":{"line":16,"column":10},"end":{"line":16,"column":25}},"loc":{"start":{"line":16,"column":36},"end":{"line":18,"column":3}}},"2":{"name":"(anonymous_10)","decl":{"start":{"line":20,"column":15},"end":{"line":20,"column":29}},"loc":{"start":{"line":20,"column":40},"end":{"line":28,"column":null}}},"3":{"name":"(anonymous_12)","decl":{"start":{"line":30,"column":15},"end":{"line":30,"column":26}},"loc":{"start":{"line":30,"column":26},"end":{"line":32,"column":null}}},"4":{"name":"(anonymous_14)","decl":{"start":{"line":34,"column":15},"end":{"line":34,"column":28}},"loc":{"start":{"line":34,"column":48},"end":{"line":37,"column":null}}},"5":{"name":"(anonymous_16)","decl":{"start":{"line":39,"column":15},"end":{"line":39,"column":28}},"loc":{"start":{"line":41,"column":47},"end":{"line":50,"column":null}}},"6":{"name":"(anonymous_18)","decl":{"start":{"line":52,"column":15},"end":{"line":52,"column":28}},"loc":{"start":{"line":52,"column":39},"end":{"line":68,"column":null}}},"7":{"name":"(anonymous_20)","decl":{"start":{"line":70,"column":15},"end":{"line":70,"column":29}},"loc":{"start":{"line":70,"column":40},"end":{"line":86,"column":null}}},"8":{"name":"(anonymous_22)","decl":{"start":{"line":88,"column":15},"end":{"line":88,"column":26}},"loc":{"start":{"line":88,"column":55},"end":{"line":111,"column":null}}}},"branchMap":{"0":{"loc":{"start":{"line":23,"column":4},"end":{"line":25,"column":null}},"type":"if","locations":[{"start":{"line":23,"column":4},"end":{"line":25,"column":null}}]},"1":{"loc":{"start":{"line":45,"column":4},"end":{"line":47,"column":null}},"type":"if","locations":[{"start":{"line":45,"column":4},"end":{"line":47,"column":null}}]},"2":{"loc":{"start":{"line":55,"column":4},"end":{"line":57,"column":null}},"type":"if","locations":[{"start":{"line":55,"column":4},"end":{"line":57,"column":null}}]},"3":{"loc":{"start":{"line":59,"column":4},"end":{"line":63,"column":null}},"type":"if","locations":[{"start":{"line":59,"column":4},"end":{"line":63,"column":null}}]},"4":{"loc":{"start":{"line":73,"column":4},"end":{"line":75,"column":null}},"type":"if","locations":[{"start":{"line":73,"column":4},"end":{"line":75,"column":null}}]},"5":{"loc":{"start":{"line":77,"column":4},"end":{"line":81,"column":null}},"type":"if","locations":[{"start":{"line":77,"column":4},"end":{"line":81,"column":null}}]},"6":{"loc":{"start":{"line":94,"column":6},"end":{"line":98,"column":null}},"type":"if","locations":[{"start":{"line":94,"column":6},"end":{"line":98,"column":null}}]}},"s":{"0":1,"1":14,"2":14,"3":13,"4":2,"5":2,"6":1,"7":1,"8":1,"9":1,"10":1,"11":2,"12":2,"13":2,"14":2,"15":1,"16":1,"17":3,"18":3,"19":1,"20":2,"21":1,"22":1,"23":1,"24":3,"25":3,"26":1,"27":2,"28":0,"29":2,"30":2,"31":2,"32":2,"33":3,"34":3,"35":1,"36":2,"37":1,"38":1,"39":1},"f":{"0":14,"1":13,"2":2,"3":1,"4":1,"5":2,"6":3,"7":3,"8":2},"b":{"0":[1],"1":[1],"2":[1],"3":[1],"4":[1],"5":[0],"6":[1]}}
}
