TN:
SF:src/app/app.ts
FNF:0
FNH:0
DA:1,0
DA:2,0
DA:6,0
DA:8,0
DA:10,0
DA:12,0
LF:6
LH:0
BRF:0
BRH:0
end_of_record
TN:
SF:src/app/container.ts
FN:10,(anonymous_0)
FNF:1
FNH:0
FNDA:0,(anonymous_0)
DA:1,0
DA:2,0
DA:4,0
DA:7,0
DA:8,0
DA:10,0
DA:11,0
DA:12,0
DA:23,0
LF:9
LH:0
BRF:0
BRH:0
end_of_record
TN:
SF:src/app/common/clases/server.ts
FN:18,(anonymous_8)
FN:42,(anonymous_9)
FN:47,(anonymous_10)
FN:56,(anonymous_11)
FN:65,(anonymous_13)
FN:73,(anonymous_14)
FN:74,(anonymous_15)
FNF:7
FNH:0
FNDA:0,(anonymous_8)
FNDA:0,(anonymous_9)
FNDA:0,(anonymous_10)
FNDA:0,(anonymous_11)
FNDA:0,(anonymous_13)
FNDA:0,(anonymous_14)
FNDA:0,(anonymous_15)
DA:1,0
DA:2,0
DA:3,0
DA:4,0
DA:5,0
DA:6,0
DA:7,0
DA:8,0
DA:10,0
DA:19,0
DA:20,0
DA:21,0
DA:22,0
DA:23,0
DA:24,0
DA:27,0
DA:30,0
DA:33,0
DA:36,0
DA:39,0
DA:43,0
DA:44,0
DA:48,0
DA:57,0
DA:58,0
DA:59,0
DA:61,0
DA:66,0
DA:74,0
DA:75,0
LF:30
LH:0
BRDA:20,0,0,0
BRDA:20,0,1,0
BRF:2
BRH:0
end_of_record
TN:
SF:src/app/common/clients/orders/order-client.ts
FN:7,(anonymous_8)
FN:11,(anonymous_9)
FNF:2
FNH:0
FNDA:0,(anonymous_8)
FNDA:0,(anonymous_9)
DA:1,0
DA:4,0
DA:8,0
DA:12,0
LF:4
LH:0
BRF:0
BRH:0
end_of_record
TN:
SF:src/app/common/clients/orders/dto/create-order.dto.ts
FNF:0
FNH:0
DA:1,0
DA:3,0
DA:7,0
LF:3
LH:0
BRF:0
BRH:0
end_of_record
TN:
SF:src/app/common/clients/orders/models/order.model.ts
FNF:0
FNH:0
DA:3,0
LF:1
LH:0
BRF:0
BRH:0
end_of_record
TN:
SF:src/app/common/controllers/base.controller.ts
FN:5,(anonymous_0)
FNF:1
FNH:0
FNDA:0,(anonymous_0)
DA:2,0
DA:4,0
DA:6,0
DA:7,0
DA:8,0
DA:10,0
LF:6
LH:0
BRDA:7,0,0,0
BRDA:7,0,1,0
BRF:2
BRH:0
end_of_record
TN:
SF:src/app/common/exceptions/bad-request-exception.ts
FN:4,(anonymous_0)
FNF:1
FNH:0
FNDA:0,(anonymous_0)
DA:1,0
DA:5,0
DA:6,0
DA:7,0
DA:9,0
LF:5
LH:0
BRF:0
BRH:0
end_of_record
TN:
SF:src/app/common/exceptions/conflict-exception.ts
FN:2,(anonymous_0)
FNF:1
FNH:1
FNDA:5,(anonymous_0)
DA:1,1
DA:3,5
DA:4,5
DA:5,5
DA:7,5
LF:5
LH:5
BRF:0
BRH:0
end_of_record
TN:
SF:src/app/common/middlewares/validate-dto.ts
FN:6,validateDto
FN:7,(anonymous_8)
FN:7,(anonymous_9)
FN:13,(anonymous_10)
FN:21,(anonymous_11)
FNF:5
FNH:0
FNDA:0,validateDto
FNDA:0,(anonymous_8)
FNDA:0,(anonymous_9)
FNDA:0,(anonymous_10)
FNDA:0,(anonymous_11)
DA:1,0
DA:2,0
DA:4,0
DA:7,0
DA:8,0
DA:10,0
DA:12,0
DA:13,0
DA:14,0
DA:16,0
DA:17,0
DA:20,0
DA:21,0
DA:25,0
DA:30,0
DA:34,0
LF:16
LH:0
BRDA:6,0,0,0
BRDA:12,1,0,0
BRDA:14,2,0,0
BRDA:16,3,0,0
BRDA:21,4,0,0
BRDA:21,4,1,0
BRF:6
BRH:0
end_of_record
TN:
SF:src/app/common/middlewares/validate-token.ts
FN:6,validateToken
FNF:1
FNH:0
FNDA:0,validateToken
DA:2,0
DA:4,0
DA:11,0
DA:12,0
DA:13,0
DA:15,0
DA:16,0
DA:21,0
DA:22,0
DA:23,0
DA:24,0
DA:26,0
DA:28,0
DA:30,0
DA:36,0
LF:15
LH:0
BRDA:13,0,0,0
BRDA:13,0,1,0
BRDA:13,1,0,0
BRDA:13,1,1,0
BRDA:15,2,0,0
BRDA:22,3,0,0
BRDA:22,3,1,0
BRF:7
BRH:0
end_of_record
TN:
SF:src/app/common/persistence/mysql.persistence.ts
FNF:0
FNH:0
DA:1,0
DA:3,0
LF:2
LH:0
BRDA:5,0,0,0
BRDA:5,0,1,0
BRDA:5,1,0,0
BRDA:5,1,1,0
BRDA:5,2,0,0
BRDA:5,2,1,0
BRDA:5,3,0,0
BRDA:5,3,1,0
BRDA:5,4,0,0
BRDA:5,4,1,0
BRF:10
BRH:0
end_of_record
TN:
SF:src/app/controllers/product.controller.ts
FN:14,(anonymous_10)
FN:19,(anonymous_11)
FN:32,(anonymous_13)
FN:47,(anonymous_15)
FN:61,(anonymous_17)
FN:75,(anonymous_19)
FN:93,(anonymous_21)
FN:107,(anonymous_23)
FNF:8
FNH:0
FNDA:0,(anonymous_10)
FNDA:0,(anonymous_11)
FNDA:0,(anonymous_13)
FNDA:0,(anonymous_15)
FNDA:0,(anonymous_17)
FNDA:0,(anonymous_19)
FNDA:0,(anonymous_21)
FNDA:0,(anonymous_23)
DA:2,0
DA:3,0
DA:5,0
DA:6,0
DA:7,0
DA:8,0
DA:9,0
DA:13,0
DA:14,0
DA:15,0
DA:19,0
DA:20,0
DA:21,0
DA:22,0
DA:23,0
DA:25,0
DA:32,0
DA:36,0
DA:37,0
DA:38,0
DA:39,0
DA:41,0
DA:47,0
DA:48,0
DA:49,0
DA:50,0
DA:52,0
DA:53,0
DA:55,0
DA:61,0
DA:62,0
DA:63,0
DA:64,0
DA:65,0
DA:66,0
DA:68,0
DA:75,0
DA:76,0
DA:77,0
DA:78,0
DA:80,0
DA:84,0
DA:85,0
DA:87,0
DA:93,0
DA:94,0
DA:95,0
DA:97,0
DA:98,0
DA:99,0
DA:101,0
DA:107,0
DA:108,0
DA:109,0
DA:110,0
DA:111,0
DA:112,0
DA:114,0
LF:58
LH:0
BRF:0
BRH:0
end_of_record
TN:
SF:src/app/dto/buy-products.dto.ts
FN:26,(anonymous_2)
FNF:1
FNH:0
FNDA:0,(anonymous_2)
DA:1,0
DA:2,0
DA:14,0
DA:19,0
DA:22,0
DA:26,0
DA:27,0
LF:7
LH:0
BRF:0
BRH:0
end_of_record
TN:
SF:src/app/dto/product.dto.ts
FNF:0
FNH:0
DA:1,0
DA:10,0
DA:13,0
DA:17,0
DA:21,0
DA:26,0
DA:30,0
DA:34,0
LF:8
LH:0
BRF:0
BRH:0
end_of_record
TN:
SF:src/app/models/product.model.ts
FNF:0
FNH:0
DA:1,0
DA:8,0
DA:10,0
DA:24,0
LF:4
LH:0
BRF:0
BRH:0
end_of_record
TN:
SF:src/app/services/product.service.ts
FN:11,(anonymous_8)
FN:16,(anonymous_9)
FN:20,(anonymous_10)
FN:30,(anonymous_12)
FN:34,(anonymous_14)
FN:39,(anonymous_16)
FN:52,(anonymous_18)
FN:70,(anonymous_20)
FN:88,(anonymous_22)
FNF:9
FNH:9
FNDA:14,(anonymous_8)
FNDA:13,(anonymous_9)
FNDA:2,(anonymous_10)
FNDA:1,(anonymous_12)
FNDA:1,(anonymous_14)
FNDA:2,(anonymous_16)
FNDA:3,(anonymous_18)
FNDA:3,(anonymous_20)
FNDA:2,(anonymous_22)
DA:5,1
DA:10,1
DA:12,14
DA:13,14
DA:17,13
DA:21,2
DA:23,2
DA:24,1
DA:27,1
DA:31,1
DA:35,1
DA:36,1
DA:41,2
DA:43,2
DA:45,2
DA:46,1
DA:49,1
DA:53,3
DA:55,3
DA:56,1
DA:59,2
DA:60,1
DA:65,1
DA:67,1
DA:71,3
DA:73,3
DA:74,1
DA:77,2
DA:78,0
DA:83,2
DA:85,2
DA:89,2
DA:91,2
DA:92,3
DA:94,3
DA:95,1
DA:100,2
DA:106,1
DA:110,1
LF:39
LH:38
BRDA:23,0,0,1
BRDA:45,1,0,1
BRDA:55,2,0,1
BRDA:59,3,0,1
BRDA:73,4,0,1
BRDA:77,5,0,0
BRDA:94,6,0,1
BRF:7
BRH:6
end_of_record
